0 info it worked if it ends with ok
1 verbose cli [
1 verbose cli   'C:\\Program Files\\nodejs\\node.exe',
1 verbose cli   'C:\\Program Files\\nodejs\\node_modules\\npm\\bin\\npm-cli.js',
1 verbose cli   'start'
1 verbose cli ]
2 info using npm@6.14.8
3 info using node@v14.9.0
4 verbose run-script [ 'prestart', 'start', 'poststart' ]
5 info lifecycle node-mongo@1.0.0~prestart: node-mongo@1.0.0
6 info lifecycle node-mongo@1.0.0~start: node-mongo@1.0.0
7 verbose lifecycle node-mongo@1.0.0~start: unsafe-perm in lifecycle true
8 verbose lifecycle node-mongo@1.0.0~start: PATH: C:\Program Files\nodejs\node_modules\npm\node_modules\npm-lifecycle\node-gyp-bin;C:\Users\nhanp\Desktop\NucampFolder\5-NodeJS-Express-MongoDB\node-mongo\node_modules\.bin;C:\Program Files\Git\mingw64\bin;C:\Program Files\Git\usr\bin;C:\Users\nhanp\bin;C:\Windows\system32;C:\Windows;C:\Windows\System32\Wbem;C:\Windows\System32\WindowsPowerShell\v1.0;C:\Windows\System32\OpenSSH;C:\Program Files\Git\cmd;C:\Program Files (x86)\Yarn\bin;C:\Program Files\nodejs;C:\Users\nhanp\AppData\Local\Android\Sdk\platform-tools;C:\Program Files\dotnet;C:\Program Files\MongoDB\Server\4.2\bin;C:\Users\nhanp\AppData\Local\Microsoft\WindowsApps;C:\Users\nhanp\AppData\Local\Programs\Microsoft VS Code\bin;C:\Users\nhanp\AppData\Local\Yarn\bin;C:\Users\nhanp\AppData\Roaming\npm;C:\Users\nhanp\.dotnet\tools
9 verbose lifecycle node-mongo@1.0.0~start: CWD: C:\Users\nhanp\Desktop\NucampFolder\5-NodeJS-Express-MongoDB\node-mongo
10 silly lifecycle node-mongo@1.0.0~start: Args: [ '/d /s /c', 'node index' ]
11 silly lifecycle node-mongo@1.0.0~start: Returned: code: 1  signal: null
12 info lifecycle node-mongo@1.0.0~start: Failed to exec start script
13 verbose stack Error: node-mongo@1.0.0 start: `node index`
13 verbose stack Exit status 1
13 verbose stack     at EventEmitter.<anonymous> (C:\Program Files\nodejs\node_modules\npm\node_modules\npm-lifecycle\index.js:332:16)
13 verbose stack     at EventEmitter.emit (events.js:314:20)
13 verbose stack     at ChildProcess.<anonymous> (C:\Program Files\nodejs\node_modules\npm\node_modules\npm-lifecycle\lib\spawn.js:55:14)
13 verbose stack     at ChildProcess.emit (events.js:314:20)
13 verbose stack     at maybeClose (internal/child_process.js:1047:16)
13 verbose stack     at Process.ChildProcess._handle.onexit (internal/child_process.js:287:5)
14 verbose pkgid node-mongo@1.0.0
15 verbose cwd C:\Users\nhanp\Desktop\NucampFolder\5-NodeJS-Express-MongoDB\node-mongo
16 verbose Windows_NT 10.0.18363
17 verbose argv "C:\\Program Files\\nodejs\\node.exe" "C:\\Program Files\\nodejs\\node_modules\\npm\\bin\\npm-cli.js" "start"
18 verbose node v14.9.0
19 verbose npm  v6.14.8
20 error code ELIFECYCLE
21 error errno 1
22 error node-mongo@1.0.0 start: `node index`
22 error Exit status 1
23 error Failed at the node-mongo@1.0.0 start script.
23 error This is probably not a problem with npm. There is likely additional logging output above.
24 verbose exit [ 1, true ]
